<?xml version="1.0" encoding="UTF-8" ?>
<testsuite failures="0" time="0" errors="0" skipped="0" tests="4" name="com.stapleslabs.tree.TreeTest">
  <properties>
[...]
</properties>
  <testcase time="0" classname="com.stapleslabs.tree.TreeTest" name="testReduceToSubTreeProducesSingleNodeIfAppropriate"/>
  <testcase time="0" classname="com.stapleslabs.tree.TreeTest" name="testReduceToValueFromDifferentRoot"/>
  <testcase time="0" classname="com.stapleslabs.tree.TreeTest" name="testReduceToValue"/>
  <testcase time="0" classname="com.stapleslabs.tree.TreeTest" name="testReduceToSubTree"/>
</testsuite>